======================================
Job: Ising simulation (L=100, T=2.60)
Node: amd14
Started: Mon Dec 29 17:22:45 CET 2025
SLURM_JOB_ID: 1841228
Submit dir: /home/operarire/Itxaso/0.MOMO-P3/Lab3-manel
======================================
======================================
Simulation: L=100, T=2.60
Workdir: /home/operarire/Itxaso/0.MOMO-P3/Lab3-manel
======================================
rm -f *.o *.mod mdinamics
gfortran -O2 -g -Wall -Wextra -fcheck=all -fbacktrace -c parameters.f90
gfortran -O2 -g -Wall -Wextra -fcheck=all -fbacktrace -c lattice.f90
gfortran -O2 -g -Wall -Wextra -fcheck=all -fbacktrace -c ising_energy.f90
gfortran -O2 -g -Wall -Wextra -fcheck=all -fbacktrace -c binning.f90
gfortran -O2 -g -Wall -Wextra -fcheck=all -fbacktrace -c r1279.f90
gfortran -O2 -g -Wall -Wextra -fcheck=all -fbacktrace -c ran2.f
gfortran -O2 -g -Wall -Wextra -fcheck=all -fbacktrace -c main.f90
gfortran -O2 -g -Wall -Wextra -fcheck=all -fbacktrace -o mdinamics parameters.o lattice.o ising_energy.o main.o r1279.o ran2.o binning.o
======================================
Running mdinamics
======================================
 =============================================
   2D ISING MODEL - MONTE CARLO SIMULATION    
 =============================================

 Input Parameters:
   L =          20
   T =   2.6000000000000001     
   nMCS =            100000000
   nmeas =                   10
   MCS_discard =                 1000
   seed =       12345

 System:
   N = L^2 =         400
   beta = 1/T =  0.38461538461538458     

 Initializing random spins...
   Initial E/N =   0.0000000000000000     
   Initial M/N =  -4.4999999999999998E-002

 Starting Monte Carlo simulation...

  MCS:     10000000  ( 10.00% complete)
  MCS:     20000000  ( 20.00% complete)
  MCS:     30000000  ( 30.00% complete)
  MCS:     40000000  ( 40.00% complete)
  MCS:     50000000  ( 50.00% complete)
  MCS:     60000000  ( 60.00% complete)
  MCS:     70000000  ( 70.00% complete)
  MCS:     80000000  ( 80.00% complete)
  MCS:     90000000  ( 90.00% complete)
  MCS:    100000000  (100.00% complete)

 Simulation complete!

 =========================================
              FINAL RESULTS               
 =========================================
  Speed:  0.37263E+08 flips/sec

  <E>/N   =  -1.0320119051
  <|M|>/N =   0.2440375744
 =========================================

 Performing binning analysis...
 Binning analysis complete!

 Output files created:
   timeseries_L20_T2.60_MCSTOT******.dat
   binning_E_L20_T2.60_MCTOT******.dat
   binning_M_L20_T2.60_MCTOT******.dat

 =============================================
        PROGRAM COMPLETED SUCCESSFULLY       
 =============================================
======================================
Finished: Mon Dec 29 17:40:47 CET 2025
Exit code: 0
======================================
