rm -f *.o *.mod mdinamics
gfortran -O2 -g -Wall -Wextra -fcheck=all -fbacktrace -c parameters.f90
gfortran -O2 -g -Wall -Wextra -fcheck=all -fbacktrace -c lattice.f90
gfortran -O2 -g -Wall -Wextra -fcheck=all -fbacktrace -c ising_energy.f90
gfortran -O2 -g -Wall -Wextra -fcheck=all -fbacktrace -c binning.f90
gfortran -O2 -g -Wall -Wextra -fcheck=all -fbacktrace -c r1279.f90
gfortran -O2 -g -Wall -Wextra -fcheck=all -fbacktrace -c ran2.f
gfortran -O2 -g -Wall -Wextra -fcheck=all -fbacktrace -c main.f90
gfortran -O2 -g -Wall -Wextra -fcheck=all -fbacktrace -o mdinamics parameters.o lattice.o ising_energy.o main.o r1279.o ran2.o binning.o
Launching T=2.0  ->  runs/DATA_T2.0.in
Launching T=2.1  ->  runs/DATA_T2.1.in
Launching T=2.2  ->  runs/DATA_T2.2.in
Launching T=2.3  ->  runs/DATA_T2.3.in
Launching T=2.4  ->  runs/DATA_T2.4.in
Launching T=2.5  ->  runs/DATA_T2.5.in
Launching T=2.6  ->  runs/DATA_T2.6.in
Launching T=2.7  ->  runs/DATA_T2.7.in
Launching T=2.8  ->  runs/DATA_T2.8.in
Launching T=2.9  ->  runs/DATA_T2.9.in
Launching T=3.0  ->  runs/DATA_T3.0.in
