# L= 100.0 BB=        512
   2.0000000000000000       0.66230601587742643        1.2103656890359449        1.2697327460067439E-002   5.7116197026980378E-004



# L= 100.0 BB=       4096
   2.1000000000000001        3.0706378289803031        4.2384065967845066       0.23971079666049974        1.4606626818335308E-003



# L= 100.0 BB=       4096
   2.2000000000000002        6.7058382810121921        4.1869594964544206       0.29182071422668060        2.2079737827143215E-003



# L= 100.0 BB=       4096
   2.2999999999999998        141.70324458513949        4.1114822172294359       0.45151685484821802        4.4308560707098932E-003



# L= 100.0 BB=       4096
   2.3999999999999999        23.301545848587203        2.6904268781141258        6.9605403132048618E-002   8.9302484345144169E-004



# L= 100.0 BB=       4096
   2.5000000000000000        9.0151660761738501        2.1440760823932661        1.7470421543051406E-002   5.3061193063298382E-004



# L= 100.0 BB=       4096
   2.2700000000000000        103.69719906031398        4.9188783573484001        1.5255414820714130        6.8833123705644541E-003



# L= 100.0 BB=       2048
   2.6000000000000001        4.9856760046273099        1.2270214623426787        7.0850117449321719E-003   4.2350358196549352E-004



# L= 100.0 BB=       1024
   2.7000000000000002        3.2432182218224459       0.81471456816599030        3.7364069183707456E-003   3.4501490202311792E-004



# L= 100.0 BB=        512
   2.7999999999999998        2.3217993019210712       0.60867357045862402        2.3111637678974138E-003   3.0365789781235548E-004



# L= 100.0 BB=        512
   3.0000000000000000        1.3998923251214757       0.46921698216379343        1.1748648510517352E-003   2.3834536177819683E-004



# L= 100.0 BB=        512
   2.8999999999999999        1.7675457012145066       0.53180005534960750        1.5994073618234587E-003   4.6522287426872908E-004



