# L= 100.0 T=2.00
                    2   2.5628054853225959E-003   1.0227152431784936E-003   4.5819008236855030E-002
                    4   3.5771895708663491E-003   1.0294777375246466E-003   5.1424629238050135E-002
                    8   5.0060723208732623E-003   1.0390673128748999E-003   5.6533254655254085E-002
                   16   6.9779163814390035E-003   1.0522488141093515E-003   6.1326250648197814E-002
                   32   9.6139508077050986E-003   1.0724268403873498E-003   6.7121121881574791E-002
                   64   1.2118950135976124E-002   1.0990739269107935E-003   7.4761088678910168E-002
                  128   1.2710461831645571E-002   1.1074786294441683E-003   8.0066665227856826E-002
                  256   1.2699301657703218E-002   5.7211788207828392E-004   8.0138792691640412E-002
                  512   1.2697327460067439E-002   5.7116197026980378E-004   8.0409571965795401E-002
                 1024   1.2694907832219013E-002   5.7238806780273289E-004   8.0630625318084015E-002
                 2048   1.2687869690895956E-002   5.6920434430941715E-004   8.0042536765950925E-002
                 4096   1.2669192898452235E-002   5.5894324048639729E-004   7.9522723673611920E-002
                 8192   1.2650943552316694E-002   5.6048171954929671E-004   7.9674992254055291E-002
                16384   1.2605075928787931E-002   5.6695973284795421E-004   7.9112928997080362E-002
                32768   1.2494004525768369E-002   5.9312329091431269E-004   7.7225899797168901E-002
                65536   1.2327176789029639E-002   7.4509907260325798E-004   7.7523580794970140E-002
               131072   1.1902420284688417E-002   1.0504377407598040E-003   7.2245385687441210E-002
               262144   1.1115927186090276E-002   1.8152435643962247E-003   7.5666216814819748E-002
               524288   9.6941249412657114E-003   4.1746227683616454E-003   7.2366019718092978E-002
              1048576   1.0220175158806150E-002   9.4522169954327079E-003   4.2119287561154968E-002
              2097152   1.4184400873919978E-002   1.1954094152935250E-002   5.2417405169878056E-002



# L= 100.0 T=2.10
                    2   1.2997724248210697E-002   9.5136460550569702E-004   8.0159902289732562E-002
                    4   1.8362935742391787E-002   9.6317121061568350E-004  0.10043345820705563     
                    8   2.5943847329823664E-002   9.7801181335788233E-004  0.12405649324922305     
                   16   3.6636073443948834E-002   5.9328106183608950E-004  0.15153320046792948     
                   32   5.1714432648160891E-002   6.3845165670521663E-004  0.18586153600473879     
                   64   7.2933189977543972E-002   7.1392516335528657E-004  0.23341754624653913     
                  128  0.10271383140443259        8.2441526218352695E-004  0.30323719777125036     
                  256  0.14315862774823521        9.9083714861778046E-004  0.40551986394950801     
                  512  0.19605315705107881        1.2323807253593882E-003  0.53186242897763403     
                 1024  0.24006619973565294        1.4902277710222068E-003  0.67655047049761996     
                 2048  0.23994722874127430        1.4799683382724668E-003  0.67683966113471494     
                 4096  0.23971079666049974        1.4606626818335308E-003  0.67541829119853236     
                 8192  0.23925061064247469        1.4256584335184111E-003  0.67180055141531891     
                16384  0.23836726017849383        1.3745699245880608E-003  0.66816393310428734     
                32768  0.23664890819444559        1.2715332184328300E-003  0.66896587277247954     
                65536  0.23420612250307846        1.2287420568307004E-003  0.65902250308255073     
               131072  0.22920268429261181        1.3858404269675971E-003  0.65103556623450809     
               262144  0.21951238070541015        2.0090883296901420E-003  0.64340007826236822     
               524288  0.19783696148989263        4.3537540056766801E-003  0.62505816760533439     
              1048576  0.14637146173300533        1.0332027359841102E-002  0.54797461456693453     
              2097152   3.0939581423709818E-002   3.0936449928678510E-002  0.49592180533835456     



# L= 100.0 T=2.20
                    2   1.4782788551507237E-002   1.0625639360132551E-003  0.16640447944529405     
                    4   2.0791156183481176E-002   1.1261977171703836E-003  0.22442641694937518     
                    8   2.9202197206101722E-002   1.2003428472564266E-003  0.29805736523788684     
                   16   4.0911842208394847E-002   1.2823826842542094E-003  0.38603792795743275     
                   32   5.7172308562162426E-002   1.2018606493460016E-003  0.48364408883403565     
                   64   7.9595612594409920E-002   1.3311443880138275E-003  0.58326553539717740     
                  128  0.11040765848964644        1.4846717786712726E-003  0.67463070189372609     
                  256  0.15074248651763270        1.6643829988654212E-003  0.76250829114736451     
                  512  0.20774812597186051        1.9104497078385257E-003  0.86544995835692284     
                 1024  0.29134786455775374        2.2387790269803188E-003   1.0243371663128160     
                 2048  0.29145445097616296        2.2217680085248794E-003   1.0350021249043766     
                 4096  0.29182071422668060        2.2079737827143215E-003   1.0528786250742170     
                 8192  0.29178572205097547        2.1858213819478012E-003   1.0699800767974408     
                16384  0.29123500403998909        2.0941000993692977E-003   1.0771528276797491     
                32768  0.29081812545868985        2.0118417013414926E-003   1.1103820909137347     
                65536  0.28571721659092175        1.8773394926779570E-003   1.1426988590038565     
               131072  0.27870225069946525        2.7336947484768075E-003   1.1483238912564502     
               262144  0.26081068797004658        5.7249798325061897E-003   1.0519445782744203     
               524288  0.22840339141374580        1.2547717711848929E-002   1.0565094505925572     
              1048576  0.16307085684800837        3.0141385252435614E-002  0.98502497247148135     
              2097152  0.13313924121989248        1.1106387609065425E-002  0.45978946076228699     



# L= 100.0 T=2.30
                    2   7.3051866018181741E-002   1.4086342156494492E-003  0.39469191404021131     
                    4  0.10187072463286145        1.6542482797296497E-003  0.55596836343788558     
                    8  0.14086378908013422        1.9666295349213816E-003  0.78114048815680315     
                   16  0.19167953793524936        2.2845638467764570E-003   1.0919575886050614     
                   32  0.25355407153170345        2.7128520484321476E-003   1.5119739817327766     
                   64  0.32021995500326994        3.1442279298489737E-003   2.0571060292719694     
                  128  0.37822429893380216        3.5419821801462377E-003   2.7133486881047086     
                  256  0.41523879701132166        3.8691959474221591E-003   3.4022775320519689     
                  512  0.43810942931024360        4.1165283307631412E-003   3.9739815364502298     
                 1024  0.44582265429776763        4.2842604796212982E-003   4.2810781346816356     
                 2048  0.44515544441509897        4.3584720889797068E-003   4.4361490986164158     
                 4096  0.45151685484821802        4.4308560707098932E-003   4.5234626192069634     
                 8192  0.44858182771376970        4.6767052378086805E-003   4.5192508708123258     
                16384  0.44781281132847117        5.2346826526085853E-003   4.4156817333557603     
                32768  0.46082735371438255        6.3566589366715149E-003   4.3333049472703138     
                65536  0.48088668668950446        8.6206042502981455E-003   4.1461357642412979     
               131072  0.50276591613829857        1.4642951353539303E-002   4.5056726342435010     
               262144  0.50547349531833186        2.6875439789208814E-002   4.5378994804260904     
               524288  0.56180188039429191        5.2850083605996141E-002   4.8028619031860273     
              1048576  0.70108916790584896        9.9315559257839012E-002   3.7009660637294259     
              2097152  0.81120804035514382       0.12539608734192972        2.2811643338881380     



# L= 100.0 T=2.40
                    2   1.9835843427774974E-002   8.5432210882799829E-004   5.9117620295323955E-002
                    4   2.7011344083821730E-002   8.8686427580480956E-004   8.1550929770927039E-002
                    8   3.5986994887271931E-002   9.1677023868527859E-004  0.11053056054177300     
                   16   4.6160248011660514E-002   9.3906557698722763E-004  0.14490066380472641     
                   32   5.5978172911907528E-002   9.5585582549251530E-004  0.17974223408827392     
                   64   6.3392343247715213E-002   9.6358587921139497E-004  0.20723730468053209     
                  128   6.7944595398498425E-002   9.7134838582004347E-004  0.22425546950007569     
                  256   6.9940723069596311E-002   9.7164165202861803E-004  0.23191392247174353     
                  512   7.1010040213680084E-002   8.9943160129638813E-004  0.23578719686637267     
                 1024   7.1117140096770490E-002   9.0161868791595854E-004  0.23706949677917180     
                 2048   7.0335456526265522E-002   8.9917747521058521E-004  0.23507381658321122     
                 4096   6.9605403132048618E-002   8.9302484345144169E-004  0.23042095945702390     
                 8192   6.9182940027122039E-002   8.8148668159808798E-004  0.23094193103865041     
                16384   6.9898026179314565E-002   9.4447247750682024E-004  0.23977847318744439     
                32768   6.8808598818100322E-002   1.0839967811621725E-003  0.23330366220035037     
                65536   6.9850669114499414E-002   1.4196600343282242E-003  0.22915905918397630     
               131072   7.3635622579312110E-002   1.9728257643967582E-003  0.21707201071996060     
               262144   8.8646299081661578E-002   3.4499951675956192E-003  0.24608155066196477     
               524288   7.2658312293396268E-002   7.3965033591864337E-003  0.19098585000962259     
              1048576   8.7703165977219666E-002   1.5683264105472810E-002  0.19888809226743268     
              2097152   9.4132423165046233E-002   3.0538868133975383E-002  0.17261350848668622     



# L= 100.0 T=2.50
                    2   7.8978701778131058E-003   5.9141778699030854E-004   2.2821969535113763E-002
                    4   1.0224482637948503E-002   6.0179491871151811E-004   3.0147470155334696E-002
                    8   1.2679288299417581E-002   6.0864313099769898E-004   3.8163461002602754E-002
                   16   1.4787066911263214E-002   6.1188525680452020E-004   4.5243193849801473E-002
                   32   1.6123757079621763E-002   5.2774945488650855E-004   4.9819533402431046E-002
                   64   1.6860733159236821E-002   5.2850880020999941E-004   5.2278071878430574E-002
                  128   1.7261370390947453E-002   5.2786651828879891E-004   5.3569097555503375E-002
                  256   1.7440661696873951E-002   5.2944333689896933E-004   5.4333733568706556E-002
                  512   1.7581955501107766E-002   5.2468861116839480E-004   5.4894659479768342E-002
                 1024   1.7592193908868667E-002   5.2531764431292362E-004   5.4789897603362357E-002
                 2048   1.7635960367343686E-002   5.3435952201368346E-004   5.4603161993700140E-002
                 4096   1.7470421543051406E-002   5.3061193063298382E-004   5.3782966046931606E-002
                 8192   1.7127769159234498E-002   5.2909413326093497E-004   5.3239821435694418E-002
                16384   1.6937768998808347E-002   5.6048139892130575E-004   5.3171472589843290E-002
                32768   1.6458218833572697E-002   6.4945005266933622E-004   5.1675556910611382E-002
                65536   1.7200798952219418E-002   7.6700853692701567E-004   5.1740052737355137E-002
               131072   1.8233601990847823E-002   1.2292909983044188E-003   4.7668028299530277E-002
               262144   1.6457876587160806E-002   2.4662058496763184E-003   4.1504369184030492E-002
               524288   1.8805885615906119E-002   5.6877013568218913E-003   4.4943126893992005E-002
              1048576   2.1458502707694716E-002   1.3976127180125803E-002   5.0808178454459500E-002
              2097152   1.0184630305879983E-002   1.8345241024792195E-003   1.9646042700018469E-002



# L= 100.0 T=2.27
                    2  0.11523182282088147        1.6683124897513054E-003  0.54772824529491604     
                    4  0.16230373239437754        1.9682166916625511E-003  0.77097405220628867     
                    8  0.22807933085442683        2.3517329354094440E-003   1.0825017467975229     
                   16  0.31907324673103815        2.8175472427684773E-003   1.5127808790265844     
                   32  0.44284751950353218        3.3110480461437525E-003   2.0967730007073890     
                   64  0.60625436101911401        3.9551986916210877E-003   2.8677687216672760     
                  128  0.80991000989207185        4.6747065725322541E-003   3.8344478329176734     
                  256   1.0424286564979939        5.4688254671363340E-003   4.9343624192708857     
                  512   1.2637331202516591        6.2275563246559839E-003   5.9957816237464003     
                 1024   1.4264846246631315        6.7535879501367489E-003   6.7872947291947767     
                 2048   1.5101245427191057        7.0038578497462487E-003   7.2112510961522789     
                 4096   1.5255414820714130        6.8833123705644541E-003   7.3093564230384773     
                 8192   1.5435452017546398        6.5901858911238832E-003   7.3653943545308280     
                16384   1.5332938294912628        5.9897802517775095E-003   7.3404499608098304     
                32768   1.5202027799426381        5.1036278525356535E-003   7.0235270832957379     
                65536   1.4999576733883919        5.7246646970851153E-003   6.6581325462238059     
               131072   1.4644267545049718        1.2522662203591486E-002   6.9265206096435517     
               262144   1.3603595787626275        3.2331273098784877E-002   7.5952564446739830     
               524288   1.2756718078957632        8.2634337650636283E-002   8.6180255005315605     
              1048576  0.83088120798649434       0.18641597385243097        9.0288925741655817     
              2097152  0.66765536297428074       0.38239795324699288        8.6436247533939028     



# L= 100.0 T=2.60
                    2   4.2377120312570718E-003   4.8154576721841342E-004   1.2229822847650328E-002
                    4   5.1784511013609827E-003   4.8463199860438832E-004   1.5310702709655807E-002
                    8   5.9974404949819171E-003   4.8651108752044382E-004   1.8054347206472816E-002
                   16   6.5347530445456440E-003   4.1494649444169643E-004   1.9875392937934999E-002
                   32   6.8089406305437616E-003   4.1546652998991824E-004   2.0813407458723791E-002
                   64   6.9459929464976942E-003   4.1670988550008534E-004   2.1254139483989666E-002
                  128   6.9943479647071151E-003   4.1480118346795720E-004   2.1501510201196818E-002
                  256   7.0290429863124858E-003   4.1620186112489589E-004   2.1606918086984655E-002
                  512   7.0966772072576382E-003   4.1695165825289841E-004   2.1876496807672542E-002
                 1024   7.0628268634189521E-003   4.1770126006435702E-004   2.1794126690868582E-002
                 2048   7.0850117449321719E-003   4.2350358196549352E-004   2.1657913170602828E-002
                 4096   6.9175100134443940E-003   4.2512811968384621E-004   2.1376677297478865E-002
                 8192   6.9076713606710171E-003   4.2510512571067581E-004   2.1723862641374755E-002
                16384   7.1876900529343028E-003   4.1660018131280401E-004   2.2323547452055725E-002
                32768   7.1116786926538810E-003   4.4964424204334247E-004   2.2282496799731138E-002
                65536   6.9529042867860526E-003   5.5750305568616151E-004   2.2836644014884947E-002
               131072   6.5522527544112199E-003   7.7772321985372986E-004   1.9512967068771161E-002
               262144   7.5469558163304487E-003   1.6280843450198939E-003   2.0740177836783755E-002
               524288   7.9763222472070908E-003   2.9418292077680319E-003   1.8856201660640122E-002
              1048576   1.0560271074395319E-002   6.4667635305383471E-003   2.1307639096290649E-002
              2097152   8.2994456607297113E-003   1.5357416990714577E-002   8.8279712579975370E-003



# L= 100.0 T=2.70
                    2   2.6821608359255769E-003   4.0779074992813071E-004   7.7254192606714990E-003
                    4   3.1124344528068383E-003   4.0888809839486321E-004   9.1693412438768121E-003
                    8   3.4187412451008648E-003   4.0930687290551590E-004   1.0214703846052333E-002
                   16   3.5917489533603213E-003   4.0946730782362195E-004   1.0790822864984286E-002
                   32   3.6771474165430661E-003   4.1012902284757118E-004   1.1070386801685997E-002
                   64   3.7129278266729532E-003   3.4896285818954116E-004   1.1199477284156630E-002
                  128   3.7371189834036144E-003   3.4823141957381662E-004   1.1273549204577550E-002
                  256   3.7499089648597608E-003   3.4733576778029306E-004   1.1332453758391717E-002
                  512   3.7374896447040355E-003   3.4710064101110756E-004   1.1351660043726834E-002
                 1024   3.7364069183707456E-003   3.4501490202311792E-004   1.1407214217884496E-002
                 2048   3.7278183564362424E-003   3.4100967626682544E-004   1.1424801547365233E-002
                 4096   3.6369441635687779E-003   3.4138598619818891E-004   1.1311316021790190E-002
                 8192   3.6059658767889674E-003   3.4193705013435115E-004   1.1456470547600923E-002
                16384   3.6466174707136881E-003   3.3099528320540276E-004   1.1273261454686559E-002
                32768   3.5545314252211839E-003   3.7016318890491879E-004   1.1236257142485448E-002
                65536   3.5517947254830400E-003   4.5149640045456232E-004   1.1832648588728508E-002
               131072   3.4426506254807048E-003   7.0635726369126654E-004   1.1437699426704466E-002
               262144   4.2061887120328810E-003   1.4472603067474867E-003   1.2814263960153617E-002
               524288   3.7225008976664951E-003   2.8655894493551126E-003   1.2643422883729358E-002
              1048576   4.3515280256335139E-003   5.3341543649687885E-003   1.3476943518728475E-002
              2097152   2.6866216666396076E-004   8.0148350731028945E-004   9.3288001039825016E-004



# L= 100.0 T=2.80
                    2   1.8681596528249815E-003   3.5414881414631372E-004   5.3645493883556624E-003
                    4   2.0693592825074816E-003   3.5461924862319422E-004   6.0661889703473044E-003
                    8   2.1951552740198379E-003   3.5485238291808462E-004   6.5023295516512545E-003
                   16   2.2586818758204195E-003   3.0466157397997836E-004   6.7271577815711985E-003
                   32   2.2954100712864528E-003   3.0455996347935802E-004   6.8307541039325818E-003
                   64   2.3141852148141620E-003   3.0483630781872521E-004   6.8956708347450574E-003
                  128   2.3222423721911451E-003   3.0502165678050709E-004   6.9112805511442905E-003
                  256   2.3212972914024976E-003   3.0473418544283792E-004   6.9008191863458388E-003
                  512   2.3111637678974138E-003   3.0365789781235548E-004   6.8570044191268997E-003
                 1024   2.3090535344588155E-003   3.0326523459445350E-004   6.7886786664951640E-003
                 2048   2.3192471928648556E-003   3.0449436086041120E-004   6.7741737584153701E-003
                 4096   2.2701639175165549E-003   3.0196775820186971E-004   6.6869238441433030E-003
                 8192   2.2633808718941209E-003   3.0795477222242710E-004   6.7448478708889712E-003
                16384   2.1800921569702508E-003   3.1568366706314559E-004   6.5513796325775437E-003
                32768   2.0833760064053841E-003   3.4501601471251568E-004   6.6562482657676969E-003
                65536   2.1410963055039992E-003   3.8260898505282126E-004   6.8066201784917225E-003
               131072   2.2634224059786320E-003   5.4379314427546927E-004   7.9807766873324620E-003
               262144   2.0109618528338104E-003   9.2611568218608012E-004   7.1746231386791747E-003
               524288   2.0522342427164225E-003   1.5393318155972361E-003   6.8348553303510962E-003
              1048576   2.7222319452349362E-003   3.5334421165340679E-003   6.5062746916589882E-003
              2097152   1.1918665393300866E-003   4.7901197186937293E-003   1.4895118672804996E-003



# L= 100.0 T=3.00
                    2   1.0728470230832424E-003   2.7412798664642075E-004   3.0542786469363310E-003
                    4   1.1236623942239966E-003   2.7401931305217161E-004   3.2395272519992464E-003
                    8   1.1504972021832349E-003   2.7386053877127641E-004   3.3335748883075158E-003
                   16   1.1629089357188935E-003   2.7308182987085579E-004   3.3817046704169864E-003
                   32   1.1699837724144634E-003   2.3858536421533509E-004   3.4074715350013380E-003
                   64   1.1728500292254801E-003   2.3830871866437628E-004   3.4203139710898963E-003
                  128   1.1737129059100904E-003   2.3858937518407000E-004   3.4229545998689659E-003
                  256   1.1649000586043234E-003   2.3819209944291617E-004   3.3905041509086488E-003
                  512   1.1748648510517352E-003   2.3834536177819683E-004   3.4115853464606609E-003
                 1024   1.1807859284296088E-003   2.3846454726526221E-004   3.4013679201006517E-003
                 2048   1.1958068677860570E-003   2.3860414748561745E-004   3.4580332215113098E-003
                 4096   1.1886806847469652E-003   2.4261508074882335E-004   3.3692747230982985E-003
                 8192   1.1856638117835959E-003   2.5054529016140941E-004   3.3662664009212855E-003
                16384   1.1861159444061500E-003   2.5412078659148399E-004   3.3539718876997283E-003
                32768   1.2735163011854138E-003   2.3647859843546707E-004   3.5453136880298931E-003
                65536   1.3182058413828198E-003   2.7524579683947475E-004   3.6939745375224433E-003
               131072   1.5914857613292537E-003   4.3609375856834732E-004   4.2677408959640476E-003
               262144   1.6293726561993590E-003   7.4489965937826774E-004   4.5857997575297861E-003
               524288   2.1586098770593034E-003   1.6786903881987432E-003   5.3963882762236961E-003
              1048576   8.2893957671040469E-004   3.3124817952212646E-003   2.9152219439179767E-003
              2097152   1.5703589586598052E-003   5.9801046958296664E-003   3.1453996084223239E-003



# L= 100.0 T=2.90
                    2   1.3878805484526919E-003   6.2280141817325566E-004   3.9647425146381605E-003
                    4   1.4886533153644303E-003   4.3897214902604854E-004   4.3228330313419029E-003
                    8   1.5434146866688137E-003   5.3953529223335823E-004   4.5154261405242896E-003
                   16   1.5706934357313323E-003   4.3977873270715666E-004   4.6087515016289644E-003
                   32   1.5858732673774483E-003   5.1788072104262998E-004   4.6588854850879435E-003
                   64   1.5909955747296855E-003   4.6630011897373999E-004   4.6927144399734879E-003
                  128   1.5941248214687885E-003   5.6220002457047955E-004   4.7165960244371294E-003
                  256   1.5989408986150540E-003   4.6551329135908706E-004   4.7279525345635693E-003
                  512   1.5994070866783229E-003   5.6122868845298298E-004   4.7210841615150274E-003
                 1024   1.5921709257517591E-003   4.6488466154922690E-004   4.7092070009290016E-003
                 2048   1.6012139254031382E-003   6.0478259225971468E-004   4.7245294565716840E-003
                 4096   1.5906709118676979E-003   5.0544439946742623E-004   4.7032256122582538E-003
                 8192   1.5248127447037301E-003   8.0220317670718581E-004   4.6599574007743444E-003
                16384   1.5076911340890990E-003   5.0869563268577365E-004   4.4845400313559183E-003
                32768   1.6077355833822389E-003   6.1184105078947648E-004   4.5114520502246395E-003
                65536   1.5510080663394465E-003   4.9173816015198079E-004   4.2638398799029987E-003
               131072   1.6254750769455824E-003   7.3286912350501322E-004   3.9107318276444996E-003
               262144   1.7925796661551596E-003   5.5962656461159828E-004   3.8812396598513184E-003
               524288   1.3080630383067123E-003   1.0350060963578512E-003   2.3772150358272980E-003
              1048576   1.1556039896370397E-003   2.1852132076740599E-003   1.4055340579016517E-003
              2097152   1.1761865076656123E-003   8.2739291900899546E-004   1.2315400252804864E-003



# L= 100.0 T=2.90
                    2   1.3878753626519499E-003   4.3838894470106017E-004   3.9647424784863654E-003
                    4   1.4886530427253774E-003   4.3897214902604854E-004   4.3228331492143621E-003
                    8   1.5434147482193830E-003   4.3891144048057888E-004   4.5154299338874418E-003
                   16   1.5706927906024857E-003   4.3977873270715666E-004   4.6087509265460057E-003
                   32   1.5858732688239592E-003   4.1164636168889389E-004   4.6588854104557135E-003
                   64   1.5909943241055019E-003   4.6630011897373999E-004   4.6927147163414347E-003
                  128   1.5941251019543894E-003   4.6565832698619564E-004   4.7165785805207599E-003
                  256   1.5989431730132606E-003   4.6551329135908706E-004   4.7279395433461853E-003
                  512   1.5994073618234587E-003   4.6522287426872908E-004   4.7210844221776318E-003
                 1024   1.5921625195401954E-003   4.6488466154922690E-004   4.7092102487416359E-003
                 2048   1.6011774815424813E-003   5.1157358452402475E-004   4.7245053835143413E-003
                 4096   1.5906694652442291E-003   5.0544439946742623E-004   4.7032221167600981E-003
                 8192   1.5248118755835040E-003   5.0628826420278728E-004   4.6599378222956216E-003
                16384   1.5077152793114880E-003   5.0869563268577365E-004   4.4843576838573757E-003
                32768   1.6077389404744223E-003   5.1863754600260182E-004   4.5114513863442332E-003
                65536   1.5510552291412372E-003   4.9173816015198079E-004   4.2637792607191742E-003
               131072   1.6254729698130003E-003   4.7555051212704751E-004   3.9107259797525650E-003
               262144   1.7924740113317065E-003   5.5962656461159828E-004   3.8812517701971036E-003
               524288   1.3068292385665064E-003   1.0243264437369245E-003   2.3771843761030576E-003
              1048576   1.1559006405607137E-003   2.1852132076740599E-003   1.4055697721684732E-003
              2097152   1.1761169223258360E-003   1.0396084287752011E-003   1.2314705072715281E-003



